<?xml version="1.0" encoding="UTF-8"?>
<!-- Generated by org.testng.reporters.JUnitXMLReporter -->
<testsuite hostname="NODLTP52133356" ignored="0" name="Test3" tests="4" failures="0" timestamp="30 May 2021 17:07:14 GMT" time="0.016" errors="0">
  <testcase name="doUsrReg" time="0.0" classname="TestNG.TestCase3"/>
  <testcase name="doLogin" time="0.0" classname="TestNG.TestCase3"/>
  <testcase name="doOrder" time="0.0" classname="TestNG.TestCase3"/>
  <testcase name="isSkip" time="0.0" classname="TestNG.TestCase3">
    <skipped/>
  </testcase> <!-- isSkip -->
</testsuite> <!-- Test3 -->
