<?xml version="1.0" encoding="UTF-8"?>
<!-- Generated by org.testng.reporters.JUnitXMLReporter -->
<testsuite hostname="NODLTP52133356" ignored="0" name="Test parameter" tests="3" failures="0" timestamp="04 Jun 2021 11:16:58 GMT" time="1.74" errors="0">
  <testcase name="@BeforeMethod navigate" time="0.0" classname="TestNG.TestParameterization">
    <failure type="java.lang.NoSuchMethodError" message="com.google.common.collect.ImmutableList.toImmutableList()Ljava/util/stream/Collector;">
      <![CDATA[java.lang.NoSuchMethodError: com.google.common.collect.ImmutableList.toImmutableList()Ljava/util/stream/Collector;
	at org.openqa.selenium.chrome.ChromeOptions.asMap(ChromeOptions.java:292)
	at org.openqa.selenium.remote.NewSessionPayload.create(NewSessionPayload.java:94)
	at org.openqa.selenium.remote.ProtocolHandshake.createSession(ProtocolHandshake.java:68)
	at org.openqa.selenium.remote.HttpCommandExecutor.execute(HttpCommandExecutor.java:136)
	at org.openqa.selenium.remote.service.DriverCommandExecutor.execute(DriverCommandExecutor.java:83)
	at org.openqa.selenium.remote.RemoteWebDriver.execute(RemoteWebDriver.java:552)
	at org.openqa.selenium.remote.RemoteWebDriver.startSession(RemoteWebDriver.java:213)
	at org.openqa.selenium.remote.RemoteWebDriver.<init>(RemoteWebDriver.java:131)
	at org.openqa.selenium.chrome.ChromeDriver.<init>(ChromeDriver.java:181)
	at org.openqa.selenium.chrome.ChromeDriver.<init>(ChromeDriver.java:168)
	at org.openqa.selenium.chrome.ChromeDriver.<init>(ChromeDriver.java:123)
	at TestNG.TestParameterization.navigate(TestParameterization.java:22)
... Removed 27 stack frames]]>
    </failure>
  </testcase> <!-- @BeforeMethod navigate -->
  <testcase name="@BeforeMethod navigate" time="0.0" classname="TestNG.TestParameterization">
    <skipped/>
  </testcase> <!-- @BeforeMethod navigate -->
  <testcase name="@BeforeMethod navigate" time="0.0" classname="TestNG.TestParameterization">
    <skipped/>
  </testcase> <!-- @BeforeMethod navigate -->
  <testcase name="doLogin" time="0.0" classname="TestNG.TestParameterization">
    <skipped/>
  </testcase> <!-- doLogin -->
  <testcase name="doLogin" time="0.0" classname="TestNG.TestParameterization">
    <skipped/>
  </testcase> <!-- doLogin -->
  <testcase name="doLogin" time="0.0" classname="TestNG.TestParameterization">
    <skipped/>
  </testcase> <!-- doLogin -->
</testsuite> <!-- Test parameter -->
