<?xml version="1.0" encoding="UTF-8"?>
<testng-results skipped="1" failed="0" ignored="0" total="4" passed="3">
  <reporter-output>
  </reporter-output>
  <suite name="Default suite" duration-ms="45" started-at="2021-07-12T04:49:28Z" finished-at="2021-07-12T04:49:28Z">
    <groups>
    </groups>
    <test name="Default test" duration-ms="45" started-at="2021-07-12T04:49:28Z" finished-at="2021-07-12T04:49:28Z">
      <class name="TestNG.TestCase3">
        <test-method status="PASS" signature="doUsrReg()[pri:1, instance:TestNG.TestCase3@3abbfa04]" name="doUsrReg" duration-ms="11" started-at="2021-07-12T10:19:28Z" finished-at="2021-07-12T10:19:28Z">
          <reporter-output>
          </reporter-output>
        </test-method> <!-- doUsrReg -->
        <test-method status="PASS" signature="doLogin()[pri:2, instance:TestNG.TestCase3@3abbfa04]" name="doLogin" duration-ms="2" started-at="2021-07-12T10:19:28Z" depends-on-methods="TestNG.TestCase3.doUsrReg" finished-at="2021-07-12T10:19:28Z">
          <reporter-output>
          </reporter-output>
        </test-method> <!-- doLogin -->
        <test-method status="PASS" signature="doOrder()[pri:3, instance:TestNG.TestCase3@3abbfa04]" name="doOrder" duration-ms="1" started-at="2021-07-12T10:19:28Z" depends-on-methods="TestNG.TestCase3.doLogin" finished-at="2021-07-12T10:19:28Z">
          <reporter-output>
          </reporter-output>
        </test-method> <!-- doOrder -->
        <test-method status="SKIP" signature="isSkip()[pri:4, instance:TestNG.TestCase3@3abbfa04]" name="isSkip" duration-ms="2" started-at="2021-07-12T10:19:28Z" finished-at="2021-07-12T10:19:28Z">
          <exception class="org.testng.SkipException">
            <message>
              <![CDATA[Condition not met hence skipping the test]]>
            </message>
            <full-stacktrace>
              <![CDATA[org.testng.SkipException: Condition not met hence skipping the test
	at TestNG.TestCase3.isSkip(TestCase3.java:32)
	at sun.reflect.NativeMethodAccessorImpl.invoke0(Native Method)
	at sun.reflect.NativeMethodAccessorImpl.invoke(NativeMethodAccessorImpl.java:62)
	at sun.reflect.DelegatingMethodAccessorImpl.invoke(DelegatingMethodAccessorImpl.java:43)
	at java.lang.reflect.Method.invoke(Method.java:498)
	at org.testng.internal.MethodInvocationHelper.invokeMethod(MethodInvocationHelper.java:104)
	at org.testng.internal.Invoker.invokeMethod(Invoker.java:645)
	at org.testng.internal.Invoker.invokeTestMethod(Invoker.java:851)
	at org.testng.internal.Invoker.invokeTestMethods(Invoker.java:1177)
	at org.testng.internal.TestMethodWorker.invokeTestMethods(TestMethodWorker.java:129)
	at org.testng.internal.TestMethodWorker.run(TestMethodWorker.java:112)
	at org.testng.TestRunner.privateRun(TestRunner.java:756)
	at org.testng.TestRunner.run(TestRunner.java:610)
	at org.testng.SuiteRunner.runTest(SuiteRunner.java:387)
	at org.testng.SuiteRunner.runSequentially(SuiteRunner.java:382)
	at org.testng.SuiteRunner.privateRun(SuiteRunner.java:340)
	at org.testng.SuiteRunner.run(SuiteRunner.java:289)
	at org.testng.SuiteRunnerWorker.runSuite(SuiteRunnerWorker.java:52)
	at org.testng.SuiteRunnerWorker.run(SuiteRunnerWorker.java:86)
	at org.testng.TestNG.runSuitesSequentially(TestNG.java:1293)
	at org.testng.TestNG.runSuitesLocally(TestNG.java:1218)
	at org.testng.TestNG.runSuites(TestNG.java:1133)
	at org.testng.TestNG.run(TestNG.java:1104)
	at org.testng.remote.AbstractRemoteTestNG.run(AbstractRemoteTestNG.java:132)
	at org.testng.remote.RemoteTestNG.initAndRun(RemoteTestNG.java:236)
	at org.testng.remote.RemoteTestNG.main(RemoteTestNG.java:81)
]]>
            </full-stacktrace>
          </exception> <!-- org.testng.SkipException -->
          <reporter-output>
          </reporter-output>
        </test-method> <!-- isSkip -->
      </class> <!-- TestNG.TestCase3 -->
    </test> <!-- Default test -->
  </suite> <!-- Default suite -->
</testng-results>
